<?xml version="1.0" encoding="UTF-8"?>
<testng-results ignored="0" total="1" passed="1" failed="0" skipped="0">
  <reporter-output>
  </reporter-output>
  <suite started-at="2025-08-25T15:27:27 IST" name="Default suite" finished-at="2025-08-25T15:27:44 IST" duration-ms="17587">
    <groups>
    </groups>
    <test started-at="2025-08-25T15:27:27 IST" name="Default test" finished-at="2025-08-25T15:27:44 IST" duration-ms="17587">
      <class name="testLayer.TestSearch">
        <test-method is-config="true" signature="setup()[pri:0, instance:testLayer.TestSearch@5b7a5baa]" started-at="2025-08-25T15:27:27 IST" name="setup" finished-at="2025-08-25T15:27:30 IST" duration-ms="3013" status="PASS">
          <reporter-output>
          </reporter-output>
        </test-method> <!-- setup -->
        <test-method signature="TC01()[pri:0, instance:testLayer.TestSearch@5b7a5baa]" started-at="2025-08-25T15:27:30 IST" name="TC01" finished-at="2025-08-25T15:27:44 IST" duration-ms="14256" status="PASS">
          <reporter-output>
          </reporter-output>
        </test-method> <!-- TC01 -->
        <test-method is-config="true" signature="tearDown()[pri:0, instance:testLayer.TestSearch@5b7a5baa]" started-at="2025-08-25T15:27:44 IST" name="tearDown" finished-at="2025-08-25T15:27:44 IST" duration-ms="265" status="PASS">
          <reporter-output>
          </reporter-output>
        </test-method> <!-- tearDown -->
      </class> <!-- testLayer.TestSearch -->
    </test> <!-- Default test -->
  </suite> <!-- Default suite -->
</testng-results>
