<?xml version="1.0" encoding="UTF-8"?>
<testng-results ignored="0" total="1" passed="1" failed="0" skipped="0">
  <reporter-output>
  </reporter-output>
  <suite started-at="2025-08-25T17:55:45 IST" name="Default suite" finished-at="2025-08-25T17:56:53 IST" duration-ms="67991">
    <groups>
    </groups>
    <test started-at="2025-08-25T17:55:45 IST" name="Default test" finished-at="2025-08-25T17:56:53 IST" duration-ms="67991">
      <class name="tests.TC01">
        <test-method is-config="true" signature="setup()[pri:0, instance:tests.TC01@38afe297]" started-at="2025-08-25T17:55:45 IST" name="setup" finished-at="2025-08-25T17:55:53 IST" duration-ms="7818" status="PASS">
          <reporter-output>
          </reporter-output>
        </test-method> <!-- setup -->
        <test-method signature="test1()[pri:0, instance:tests.TC01@38afe297]" started-at="2025-08-25T17:55:53 IST" name="test1" finished-at="2025-08-25T17:56:51 IST" duration-ms="58609" status="PASS">
          <reporter-output>
          </reporter-output>
        </test-method> <!-- test1 -->
        <test-method is-config="true" signature="teardown()[pri:0, instance:tests.TC01@38afe297]" started-at="2025-08-25T17:56:51 IST" name="teardown" finished-at="2025-08-25T17:56:53 IST" duration-ms="1485" status="PASS">
          <reporter-output>
          </reporter-output>
        </test-method> <!-- teardown -->
      </class> <!-- tests.TC01 -->
    </test> <!-- Default test -->
  </suite> <!-- Default suite -->
</testng-results>
